\BOOKMARK [0][]{usstchapter.1.0}{\376\377\144\130\000\040\211\201}{}% 1
\BOOKMARK [0][]{usstchapter.2.0}{\376\377\000A\000b\000s\000t\000r\000a\000c\000t}{}% 2
\BOOKMARK [0][]{usstchapter.3.0}{\376\377\166\356\000\040\137\125}{}% 3
\BOOKMARK [0][]{chapter.1}{\376\377\173\054\116\000\172\340\000\040\127\372\116\216\142\200\200\375\135\114\121\145\166\204\116\272\137\142\147\072\126\150\116\272\122\006\134\102\121\150\216\253\143\247\122\066}{}% 4
\BOOKMARK [1][-]{section.1.1}{\376\377\0001\000.\0001\000\040\166\370\121\163\135\345\117\134}{chapter.1}% 5
\BOOKMARK [2][-]{subsection.1.1.1}{\376\377\0001\000.\0001\000.\0001\000\040\220\032\165\050\121\150\216\253\122\250\117\134\215\337\216\052\143\247\122\066\173\126\165\145}{section.1.1}% 6
\BOOKMARK [2][-]{subsection.1.1.2}{\376\377\0001\000.\0001\000.\0002\000\040\142\200\200\375\214\003\136\246\116\016\135\114\121\145\145\271\154\325}{section.1.1}% 7
\BOOKMARK [1][-]{section.1.2}{\376\377\0001\000.\0002\000\040\145\271\154\325}{chapter.1}% 8
\BOOKMARK [2][-]{subsection.1.2.1}{\376\377\0001\000.\0002\000.\0001\000\040\220\032\165\050\122\250\117\134\215\337\216\052\173\126\165\145}{section.1.2}% 9
\BOOKMARK [2][-]{subsection.1.2.2}{\376\377\0001\000.\0002\000.\0002\000\040\127\372\116\216\000\040\000M\000V\000A\000E\000\040\166\204\122\250\117\134\142\200\200\375\135\114\121\145}{section.1.2}% 10
\BOOKMARK [2][-]{subsection.1.2.3}{\376\377\0001\000.\0002\000.\0003\000\040\232\330\134\102\217\320\122\250\211\304\122\022\173\126\165\145}{section.1.2}% 11
\BOOKMARK [2][-]{subsection.1.2.4}{\376\377\0001\000.\0002\000.\0004\000\040\234\201\150\322\140\142\131\015\173\126\165\145}{section.1.2}% 12
\BOOKMARK [1][-]{section.1.3}{\376\377\0001\000.\0003\000\040\133\236\232\214}{chapter.1}% 13
\BOOKMARK [2][-]{subsection.1.3.1}{\376\377\0001\000.\0003\000.\0001\000\040\133\236\232\214\213\276\177\156}{section.1.3}% 14
\BOOKMARK [2][-]{subsection.1.3.2}{\376\377\0001\000.\0003\000.\0002\000\040\133\236\232\214\116\373\122\241}{section.1.3}% 15
\BOOKMARK [1][-]{section.1.4}{\376\377\0001\000.\0004\000\040\213\250\213\272}{chapter.1}% 16
\BOOKMARK [2][-]{subsection.1.4.1}{\376\377\0001\000.\0004\000.\0001\000\040\213\304\116\367\143\007\150\007}{section.1.4}% 17
\BOOKMARK [2][-]{subsection.1.4.2}{\376\377\0001\000.\0004\000.\0002\000\040\136\225\134\102\220\032\165\050\143\247\122\066\126\150\140\047\200\375\122\006\147\220}{section.1.4}% 18
\BOOKMARK [2][-]{subsection.1.4.3}{\376\377\0001\000.\0004\000.\0003\000\040\116\373\122\241\122\006\147\220}{section.1.4}% 19
\BOOKMARK [1][-]{section.1.5}{\376\377\0001\000.\0005\000\040\155\210\207\215\133\236\232\214}{chapter.1}% 20
\BOOKMARK [2][-]{subsection.1.5.1}{\376\377\0001\000.\0005\000.\0001\000\040\147\204\136\372\217\320\122\250\135\114\121\145}{section.1.5}% 21
\BOOKMARK [2][-]{subsection.1.5.2}{\376\377\0001\000.\0005\000.\0002\000\040\232\330\134\102\217\320\122\250\211\304\122\022\155\367\124\010\143\247\122\066}{section.1.5}% 22
\BOOKMARK [1][-]{section.1.6}{\376\377\0001\000.\0006\000\040\147\054\172\340\134\017\176\323}{chapter.1}% 23
